<?xml version="1.0" encoding="UTF-8"?>
<testsuite name="org.whinedo.serverlessbook.LambdaHandlerTest" tests="1" skipped="0" failures="0" errors="0" timestamp="2017-09-23T19:41:11" hostname="sherlock" time="0.571">
  <properties/>
  <testcase name="handleRequest" classname="org.whinedo.serverlessbook.LambdaHandlerTest" time="0.571"/>
  <system-out><![CDATA[]]></system-out>
  <system-err><![CDATA[]]></system-err>
</testsuite>
